[2017-04-04 00:49:44] /shop/index.php?act=goods&op=addbrowse&gid=100008 ( act=goods&op=addbrowse ) 
ERR: Db Error: Duplicate entry '100008-6' for key 'PRIMARY'
INSERT  INTO `club_goods_browse` (goods_id,member_id,browsetime,gc_id,gc_id_1,gc_id_2,gc_id_3) VALUES ('100008','6','1491238184','587','530','540','587')
[2017-04-04 11:27:27] /member/index.php?act=member_message&op=setting&inajax=1 ( act=member_message&op=setting ) 
ERR: Db Error: You have an error in your SQL syntax; check the manual that corresponds to your MySQL server version for the right syntax to use near '(mmt_code,member_id,is_receive) VALUES ('order_payment_success','6','1'),('order' at line 1
INSERT INTO  (mmt_code,member_id,is_receive) VALUES ('order_payment_success','6','1'),('order_deliver_success','6','1'),('order_book_end_pay','6','1'),('predeposit_change','6','1'),('recharge_card_balance_change','6','0'),('voucher_use','6','1'),('rpt_use','6','1'),('refund_return_notice','6','1'),('arrival_notice','6','0'),('consult_goods_reply','6','1'),('consult_mall_reply','6','1'),('voucher_will_expire','6','1'),('vr_code_will_expire','6','0')
[2017-04-04 11:27:31] /member/index.php?act=member_message&op=setting&inajax=1 ( act=member_message&op=setting ) 
ERR: Db Error: You have an error in your SQL syntax; check the manual that corresponds to your MySQL server version for the right syntax to use near '(mmt_code,member_id,is_receive) VALUES ('order_payment_success','6','1'),('order' at line 1
INSERT INTO  (mmt_code,member_id,is_receive) VALUES ('order_payment_success','6','1'),('order_deliver_success','6','1'),('order_book_end_pay','6','1'),('predeposit_change','6','1'),('recharge_card_balance_change','6','0'),('voucher_use','6','1'),('rpt_use','6','1'),('refund_return_notice','6','1'),('arrival_notice','6','0'),('consult_goods_reply','6','0'),('consult_mall_reply','6','1'),('voucher_will_expire','6','1'),('vr_code_will_expire','6','0')
[2017-04-04 11:27:38] /member/index.php?act=member_message&op=setting&inajax=1 ( act=member_message&op=setting ) 
ERR: Db Error: You have an error in your SQL syntax; check the manual that corresponds to your MySQL server version for the right syntax to use near '(mmt_code,member_id,is_receive) VALUES ('order_payment_success','6','1'),('order' at line 1
INSERT INTO  (mmt_code,member_id,is_receive) VALUES ('order_payment_success','6','1'),('order_deliver_success','6','1'),('order_book_end_pay','6','1'),('predeposit_change','6','1'),('recharge_card_balance_change','6','0'),('voucher_use','6','1'),('rpt_use','6','1'),('refund_return_notice','6','1'),('arrival_notice','6','1'),('consult_goods_reply','6','0'),('consult_mall_reply','6','1'),('voucher_will_expire','6','1'),('vr_code_will_expire','6','0')
[2017-04-04 11:27:43] /member/index.php?act=member_message&op=setting&inajax=1 ( act=member_message&op=setting ) 
ERR: Db Error: You have an error in your SQL syntax; check the manual that corresponds to your MySQL server version for the right syntax to use near '(mmt_code,member_id,is_receive) VALUES ('order_payment_success','6','1'),('order' at line 1
INSERT INTO  (mmt_code,member_id,is_receive) VALUES ('order_payment_success','6','1'),('order_deliver_success','6','1'),('order_book_end_pay','6','1'),('predeposit_change','6','1'),('recharge_card_balance_change','6','0'),('voucher_use','6','1'),('rpt_use','6','1'),('refund_return_notice','6','1'),('arrival_notice','6','1'),('consult_goods_reply','6','1'),('consult_mall_reply','6','1'),('voucher_will_expire','6','1'),('vr_code_will_expire','6','0')
[2017-04-04 11:30:35] /member/index.php?act=member_message&op=setting&inajax=1 ( act=member_message&op=setting ) 
ERR: Db Error: You have an error in your SQL syntax; check the manual that corresponds to your MySQL server version for the right syntax to use near '(mmt_code,member_id,is_receive) VALUES ('order_payment_success','6','1'),('order' at line 1
INSERT INTO  (mmt_code,member_id,is_receive) VALUES ('order_payment_success','6','1'),('order_deliver_success','6','1'),('order_book_end_pay','6','1'),('predeposit_change','6','1'),('recharge_card_balance_change','6','0'),('voucher_use','6','1'),('rpt_use','6','1'),('refund_return_notice','6','1'),('arrival_notice','6','1'),('consult_goods_reply','6','1'),('consult_mall_reply','6','1'),('voucher_will_expire','6','1'),('vr_code_will_expire','6','0')
[2017-04-04 11:30:38] /member/index.php?act=member_message&op=setting&inajax=1 ( act=member_message&op=setting ) 
ERR: Db Error: You have an error in your SQL syntax; check the manual that corresponds to your MySQL server version for the right syntax to use near '(mmt_code,member_id,is_receive) VALUES ('order_payment_success','6','1'),('order' at line 1
INSERT INTO  (mmt_code,member_id,is_receive) VALUES ('order_payment_success','6','1'),('order_deliver_success','6','1'),('order_book_end_pay','6','1'),('predeposit_change','6','1'),('recharge_card_balance_change','6','0'),('voucher_use','6','1'),('rpt_use','6','1'),('refund_return_notice','6','1'),('arrival_notice','6','1'),('consult_goods_reply','6','1'),('consult_mall_reply','6','1'),('voucher_will_expire','6','1'),('vr_code_will_expire','6','0')
[2017-04-04 11:30:55] /member/index.php?act=member_message&op=setting&inajax=1 ( act=member_message&op=setting ) 
ERR: Db Error: You have an error in your SQL syntax; check the manual that corresponds to your MySQL server version for the right syntax to use near '(mmt_code,member_id,is_receive) VALUES ('order_payment_success','6','1'),('order' at line 1
INSERT INTO  (mmt_code,member_id,is_receive) VALUES ('order_payment_success','6','1'),('order_deliver_success','6','1'),('order_book_end_pay','6','1'),('predeposit_change','6','1'),('recharge_card_balance_change','6','0'),('voucher_use','6','1'),('rpt_use','6','1'),('refund_return_notice','6','1'),('arrival_notice','6','1'),('consult_goods_reply','6','1'),('consult_mall_reply','6','1'),('voucher_will_expire','6','1'),('vr_code_will_expire','6','0')
[2017-04-04 11:30:57] /member/index.php?act=member_message&op=setting&inajax=1 ( act=member_message&op=setting ) 
ERR: Db Error: You have an error in your SQL syntax; check the manual that corresponds to your MySQL server version for the right syntax to use near '(mmt_code,member_id,is_receive) VALUES ('order_payment_success','6','1'),('order' at line 1
INSERT INTO  (mmt_code,member_id,is_receive) VALUES ('order_payment_success','6','1'),('order_deliver_success','6','1'),('order_book_end_pay','6','1'),('predeposit_change','6','1'),('recharge_card_balance_change','6','0'),('voucher_use','6','1'),('rpt_use','6','1'),('refund_return_notice','6','1'),('arrival_notice','6','1'),('consult_goods_reply','6','1'),('consult_mall_reply','6','1'),('voucher_will_expire','6','1'),('vr_code_will_expire','6','0')
[2017-04-04 11:31:44] /member/index.php?act=member_message&op=setting&inajax=1 ( act=member_message&op=setting ) 
ERR: Db Error: You have an error in your SQL syntax; check the manual that corresponds to your MySQL server version for the right syntax to use near '(mmt_code,member_id,is_receive) VALUES ('order_payment_success','6','1'),('order' at line 1
INSERT INTO  (mmt_code,member_id,is_receive) VALUES ('order_payment_success','6','1'),('order_deliver_success','6','1'),('order_book_end_pay','6','1'),('predeposit_change','6','1'),('recharge_card_balance_change','6','0'),('voucher_use','6','1'),('rpt_use','6','1'),('refund_return_notice','6','1'),('arrival_notice','6','1'),('consult_goods_reply','6','1'),('consult_mall_reply','6','1'),('voucher_will_expire','6','1'),('vr_code_will_expire','6','0')
[2017-04-04 11:32:09] /member/index.php?act=member_message&op=setting&inajax=1 ( act=member_message&op=setting ) 
ERR: Db Error: You have an error in your SQL syntax; check the manual that corresponds to your MySQL server version for the right syntax to use near '(mmt_code,member_id,is_receive) VALUES ('order_payment_success','6','1'),('order' at line 1
INSERT INTO  (mmt_code,member_id,is_receive) VALUES ('order_payment_success','6','1'),('order_deliver_success','6','1'),('order_book_end_pay','6','1'),('predeposit_change','6','1'),('recharge_card_balance_change','6','0'),('voucher_use','6','1'),('rpt_use','6','1'),('refund_return_notice','6','1'),('arrival_notice','6','1'),('consult_goods_reply','6','1'),('consult_mall_reply','6','1'),('voucher_will_expire','6','1'),('vr_code_will_expire','6','0')
[2017-04-04 11:38:13] /member/index.php?act=member_message&op=setting&inajax=1 ( act=member_message&op=setting ) 
ERR: Db Error: You have an error in your SQL syntax; check the manual that corresponds to your MySQL server version for the right syntax to use near '(mmt_code,member_id,is_receive) VALUES ('order_payment_success','6','1'),('order' at line 1
INSERT INTO  (mmt_code,member_id,is_receive) VALUES ('order_payment_success','6','1'),('order_deliver_success','6','1'),('order_book_end_pay','6','1'),('predeposit_change','6','1'),('recharge_card_balance_change','6','0'),('voucher_use','6','1'),('rpt_use','6','1'),('refund_return_notice','6','1'),('arrival_notice','6','1'),('consult_goods_reply','6','1'),('consult_mall_reply','6','1'),('voucher_will_expire','6','1'),('vr_code_will_expire','6','0')
[2017-04-04 11:38:14] /member/index.php?act=member_message&op=setting&inajax=1 ( act=member_message&op=setting ) 
ERR: Db Error: You have an error in your SQL syntax; check the manual that corresponds to your MySQL server version for the right syntax to use near '(mmt_code,member_id,is_receive) VALUES ('order_payment_success','6','1'),('order' at line 1
INSERT INTO  (mmt_code,member_id,is_receive) VALUES ('order_payment_success','6','1'),('order_deliver_success','6','1'),('order_book_end_pay','6','1'),('predeposit_change','6','1'),('recharge_card_balance_change','6','0'),('voucher_use','6','1'),('rpt_use','6','1'),('refund_return_notice','6','1'),('arrival_notice','6','1'),('consult_goods_reply','6','1'),('consult_mall_reply','6','1'),('voucher_will_expire','6','1'),('vr_code_will_expire','6','0')
[2017-04-04 11:38:16] /member/index.php?act=member_message&op=setting&inajax=1 ( act=member_message&op=setting ) 
ERR: Db Error: You have an error in your SQL syntax; check the manual that corresponds to your MySQL server version for the right syntax to use near '(mmt_code,member_id,is_receive) VALUES ('order_payment_success','6','1'),('order' at line 1
INSERT INTO  (mmt_code,member_id,is_receive) VALUES ('order_payment_success','6','1'),('order_deliver_success','6','1'),('order_book_end_pay','6','1'),('predeposit_change','6','1'),('recharge_card_balance_change','6','0'),('voucher_use','6','1'),('rpt_use','6','1'),('refund_return_notice','6','1'),('arrival_notice','6','1'),('consult_goods_reply','6','1'),('consult_mall_reply','6','1'),('voucher_will_expire','6','1'),('vr_code_will_expire','6','0')
[2017-04-04 11:38:16] /member/index.php?act=member_message&op=setting&inajax=1 ( act=member_message&op=setting ) 
ERR: Db Error: You have an error in your SQL syntax; check the manual that corresponds to your MySQL server version for the right syntax to use near '(mmt_code,member_id,is_receive) VALUES ('order_payment_success','6','1'),('order' at line 1
INSERT INTO  (mmt_code,member_id,is_receive) VALUES ('order_payment_success','6','1'),('order_deliver_success','6','1'),('order_book_end_pay','6','1'),('predeposit_change','6','1'),('recharge_card_balance_change','6','0'),('voucher_use','6','1'),('rpt_use','6','1'),('refund_return_notice','6','1'),('arrival_notice','6','1'),('consult_goods_reply','6','1'),('consult_mall_reply','6','1'),('voucher_will_expire','6','1'),('vr_code_will_expire','6','0')
[2017-04-04 11:43:12] /member/index.php?act=member_message&op=setting ( act=member_message&op=setting ) 
ERR: Db Error: You have an error in your SQL syntax; check the manual that corresponds to your MySQL server version for the right syntax to use near '(mmt_code,member_id,is_receive) VALUES ('order_payment_success','6','1'),('order' at line 1
INSERT INTO  (mmt_code,member_id,is_receive) VALUES ('order_payment_success','6','1'),('order_deliver_success','6','1'),('order_book_end_pay','6','1'),('predeposit_change','6','1'),('recharge_card_balance_change','6','0'),('voucher_use','6','1'),('rpt_use','6','1'),('refund_return_notice','6','1'),('arrival_notice','6','1'),('consult_goods_reply','6','1'),('consult_mall_reply','6','1'),('voucher_will_expire','6','1'),('vr_code_will_expire','6','0')
[2017-04-04 11:43:18] /member/index.php?act=member_message&op=setting ( act=member_message&op=setting ) 
ERR: Db Error: You have an error in your SQL syntax; check the manual that corresponds to your MySQL server version for the right syntax to use near '(mmt_code,member_id,is_receive) VALUES ('order_payment_success','6','1'),('order' at line 1
INSERT INTO  (mmt_code,member_id,is_receive) VALUES ('order_payment_success','6','1'),('order_deliver_success','6','1'),('order_book_end_pay','6','1'),('predeposit_change','6','1'),('recharge_card_balance_change','6','0'),('voucher_use','6','1'),('rpt_use','6','1'),('refund_return_notice','6','1'),('arrival_notice','6','0'),('consult_goods_reply','6','1'),('consult_mall_reply','6','1'),('voucher_will_expire','6','1'),('vr_code_will_expire','6','0')
[2017-04-04 11:44:50] /member/index.php?act=member_message&op=setting ( act=member_message&op=setting ) 
ERR: Db Error: You have an error in your SQL syntax; check the manual that corresponds to your MySQL server version for the right syntax to use near '(mmt_code,member_id,is_receive) VALUES ('order_payment_success','6','1'),('order' at line 1
INSERT INTO  (mmt_code,member_id,is_receive) VALUES ('order_payment_success','6','1'),('order_deliver_success','6','1'),('order_book_end_pay','6','1'),('predeposit_change','6','1'),('recharge_card_balance_change','6','0'),('voucher_use','6','1'),('rpt_use','6','1'),('refund_return_notice','6','1'),('arrival_notice','6','1'),('consult_goods_reply','6','1'),('consult_mall_reply','6','1'),('voucher_will_expire','6','1'),('vr_code_will_expire','6','0')
[2017-04-04 11:44:56] /member/index.php?act=member_message&op=setting&inajax=1 ( act=member_message&op=setting ) 
ERR: Db Error: You have an error in your SQL syntax; check the manual that corresponds to your MySQL server version for the right syntax to use near '(mmt_code,member_id,is_receive) VALUES ('order_payment_success','6','1'),('order' at line 1
INSERT INTO  (mmt_code,member_id,is_receive) VALUES ('order_payment_success','6','1'),('order_deliver_success','6','1'),('order_book_end_pay','6','1'),('predeposit_change','6','1'),('recharge_card_balance_change','6','0'),('voucher_use','6','1'),('rpt_use','6','1'),('refund_return_notice','6','1'),('arrival_notice','6','1'),('consult_goods_reply','6','1'),('consult_mall_reply','6','1'),('voucher_will_expire','6','1'),('vr_code_will_expire','6','0')
[2017-04-04 11:47:08] /member/index.php?act=member_message&op=setting&inajax=1 ( act=member_message&op=setting ) 
ERR: Db Error: You have an error in your SQL syntax; check the manual that corresponds to your MySQL server version for the right syntax to use near '(mmt_code,member_id,is_receive) VALUES ('order_payment_success','6','1'),('order' at line 1
INSERT INTO  (mmt_code,member_id,is_receive) VALUES ('order_payment_success','6','1'),('order_deliver_success','6','1'),('order_book_end_pay','6','1'),('predeposit_change','6','1'),('recharge_card_balance_change','6','0'),('voucher_use','6','1'),('rpt_use','6','1'),('refund_return_notice','6','1'),('arrival_notice','6','1'),('consult_goods_reply','6','1'),('consult_mall_reply','6','1'),('voucher_will_expire','6','1'),('vr_code_will_expire','6','0')
[2017-04-04 11:48:11] /member/index.php?act=member_message&op=setting ( act=member_message&op=setting ) 
ERR: Db Error: You have an error in your SQL syntax; check the manual that corresponds to your MySQL server version for the right syntax to use near '(mmt_code,member_id,is_receive) VALUES ('order_payment_success','6','1'),('order' at line 1
INSERT INTO  (mmt_code,member_id,is_receive) VALUES ('order_payment_success','6','1'),('order_deliver_success','6','1'),('order_book_end_pay','6','1'),('predeposit_change','6','1'),('recharge_card_balance_change','6','0'),('voucher_use','6','1'),('rpt_use','6','1'),('refund_return_notice','6','1'),('arrival_notice','6','1'),('consult_goods_reply','6','1'),('consult_mall_reply','6','1'),('voucher_will_expire','6','1'),('vr_code_will_expire','6','0')
[2017-04-04 11:48:24] /member/index.php?act=member_message&op=setting&inajax=1 ( act=member_message&op=setting ) 
ERR: Db Error: You have an error in your SQL syntax; check the manual that corresponds to your MySQL server version for the right syntax to use near '(mmt_code,member_id,is_receive) VALUES ('order_payment_success','6','1'),('order' at line 1
INSERT INTO  (mmt_code,member_id,is_receive) VALUES ('order_payment_success','6','1'),('order_deliver_success','6','1'),('order_book_end_pay','6','1'),('predeposit_change','6','1'),('recharge_card_balance_change','6','0'),('voucher_use','6','1'),('rpt_use','6','1'),('refund_return_notice','6','1'),('arrival_notice','6','1'),('consult_goods_reply','6','1'),('consult_mall_reply','6','1'),('voucher_will_expire','6','1'),('vr_code_will_expire','6','0')
[2017-04-04 11:49:42] /member/index.php?act=member_message&op=setting&inajax=1 ( act=member_message&op=setting ) 
ERR: Db Error: You have an error in your SQL syntax; check the manual that corresponds to your MySQL server version for the right syntax to use near '(mmt_code,member_id,is_receive) VALUES ('order_payment_success','6','1'),('order' at line 1
INSERT INTO  (mmt_code,member_id,is_receive) VALUES ('order_payment_success','6','1'),('order_deliver_success','6','1'),('order_book_end_pay','6','1'),('predeposit_change','6','1'),('recharge_card_balance_change','6','0'),('voucher_use','6','1'),('rpt_use','6','1'),('refund_return_notice','6','1'),('arrival_notice','6','1'),('consult_goods_reply','6','1'),('consult_mall_reply','6','1'),('voucher_will_expire','6','1'),('vr_code_will_expire','6','0')
[2017-04-04 11:49:44] /member/index.php?act=member_message&op=setting&inajax=1 ( act=member_message&op=setting ) 
ERR: Db Error: You have an error in your SQL syntax; check the manual that corresponds to your MySQL server version for the right syntax to use near '(mmt_code,member_id,is_receive) VALUES ('order_payment_success','6','1'),('order' at line 1
INSERT INTO  (mmt_code,member_id,is_receive) VALUES ('order_payment_success','6','1'),('order_deliver_success','6','1'),('order_book_end_pay','6','1'),('predeposit_change','6','1'),('recharge_card_balance_change','6','0'),('voucher_use','6','1'),('rpt_use','6','1'),('refund_return_notice','6','1'),('arrival_notice','6','1'),('consult_goods_reply','6','1'),('consult_mall_reply','6','1'),('voucher_will_expire','6','1'),('vr_code_will_expire','6','0')
[2017-04-04 11:49:47] /member/index.php?act=member_message&op=setting&inajax=1 ( act=member_message&op=setting ) 
ERR: Db Error: You have an error in your SQL syntax; check the manual that corresponds to your MySQL server version for the right syntax to use near '(mmt_code,member_id,is_receive) VALUES ('order_payment_success','6','1'),('order' at line 1
INSERT INTO  (mmt_code,member_id,is_receive) VALUES ('order_payment_success','6','1'),('order_deliver_success','6','1'),('order_book_end_pay','6','1'),('predeposit_change','6','1'),('recharge_card_balance_change','6','0'),('voucher_use','6','1'),('rpt_use','6','1'),('refund_return_notice','6','1'),('arrival_notice','6','1'),('consult_goods_reply','6','1'),('consult_mall_reply','6','1'),('voucher_will_expire','6','1'),('vr_code_will_expire','6','0')
[2017-04-04 11:49:48] /member/index.php?act=member_message&op=setting&inajax=1 ( act=member_message&op=setting ) 
ERR: Db Error: You have an error in your SQL syntax; check the manual that corresponds to your MySQL server version for the right syntax to use near '(mmt_code,member_id,is_receive) VALUES ('order_payment_success','6','1'),('order' at line 1
INSERT INTO  (mmt_code,member_id,is_receive) VALUES ('order_payment_success','6','1'),('order_deliver_success','6','1'),('order_book_end_pay','6','1'),('predeposit_change','6','1'),('recharge_card_balance_change','6','0'),('voucher_use','6','1'),('rpt_use','6','1'),('refund_return_notice','6','1'),('arrival_notice','6','1'),('consult_goods_reply','6','1'),('consult_mall_reply','6','1'),('voucher_will_expire','6','1'),('vr_code_will_expire','6','0')
[2017-04-04 11:49:48] /member/index.php?act=member_message&op=setting&inajax=1 ( act=member_message&op=setting ) 
ERR: Db Error: You have an error in your SQL syntax; check the manual that corresponds to your MySQL server version for the right syntax to use near '(mmt_code,member_id,is_receive) VALUES ('order_payment_success','6','1'),('order' at line 1
INSERT INTO  (mmt_code,member_id,is_receive) VALUES ('order_payment_success','6','1'),('order_deliver_success','6','1'),('order_book_end_pay','6','1'),('predeposit_change','6','1'),('recharge_card_balance_change','6','0'),('voucher_use','6','1'),('rpt_use','6','1'),('refund_return_notice','6','1'),('arrival_notice','6','1'),('consult_goods_reply','6','1'),('consult_mall_reply','6','1'),('voucher_will_expire','6','1'),('vr_code_will_expire','6','0')
[2017-04-04 11:49:48] /member/index.php?act=member_message&op=setting&inajax=1 ( act=member_message&op=setting ) 
ERR: Db Error: You have an error in your SQL syntax; check the manual that corresponds to your MySQL server version for the right syntax to use near '(mmt_code,member_id,is_receive) VALUES ('order_payment_success','6','1'),('order' at line 1
INSERT INTO  (mmt_code,member_id,is_receive) VALUES ('order_payment_success','6','1'),('order_deliver_success','6','1'),('order_book_end_pay','6','1'),('predeposit_change','6','1'),('recharge_card_balance_change','6','0'),('voucher_use','6','1'),('rpt_use','6','1'),('refund_return_notice','6','1'),('arrival_notice','6','1'),('consult_goods_reply','6','1'),('consult_mall_reply','6','1'),('voucher_will_expire','6','1'),('vr_code_will_expire','6','0')
[2017-04-04 11:49:49] /member/index.php?act=member_message&op=setting&inajax=1 ( act=member_message&op=setting ) 
ERR: Db Error: You have an error in your SQL syntax; check the manual that corresponds to your MySQL server version for the right syntax to use near '(mmt_code,member_id,is_receive) VALUES ('order_payment_success','6','1'),('order' at line 1
INSERT INTO  (mmt_code,member_id,is_receive) VALUES ('order_payment_success','6','1'),('order_deliver_success','6','1'),('order_book_end_pay','6','1'),('predeposit_change','6','1'),('recharge_card_balance_change','6','0'),('voucher_use','6','1'),('rpt_use','6','1'),('refund_return_notice','6','1'),('arrival_notice','6','1'),('consult_goods_reply','6','1'),('consult_mall_reply','6','1'),('voucher_will_expire','6','1'),('vr_code_will_expire','6','0')
[2017-04-04 11:49:50] /member/index.php?act=member_message&op=setting&inajax=1 ( act=member_message&op=setting ) 
ERR: Db Error: You have an error in your SQL syntax; check the manual that corresponds to your MySQL server version for the right syntax to use near '(mmt_code,member_id,is_receive) VALUES ('order_payment_success','6','1'),('order' at line 1
INSERT INTO  (mmt_code,member_id,is_receive) VALUES ('order_payment_success','6','1'),('order_deliver_success','6','1'),('order_book_end_pay','6','1'),('predeposit_change','6','1'),('recharge_card_balance_change','6','0'),('voucher_use','6','1'),('rpt_use','6','1'),('refund_return_notice','6','1'),('arrival_notice','6','1'),('consult_goods_reply','6','1'),('consult_mall_reply','6','1'),('voucher_will_expire','6','1'),('vr_code_will_expire','6','0')
[2017-04-04 11:49:51] /member/index.php?act=member_message&op=setting&inajax=1 ( act=member_message&op=setting ) 
ERR: Db Error: You have an error in your SQL syntax; check the manual that corresponds to your MySQL server version for the right syntax to use near '(mmt_code,member_id,is_receive) VALUES ('order_payment_success','6','1'),('order' at line 1
INSERT INTO  (mmt_code,member_id,is_receive) VALUES ('order_payment_success','6','1'),('order_deliver_success','6','1'),('order_book_end_pay','6','1'),('predeposit_change','6','1'),('recharge_card_balance_change','6','0'),('voucher_use','6','1'),('rpt_use','6','1'),('refund_return_notice','6','1'),('arrival_notice','6','1'),('consult_goods_reply','6','1'),('consult_mall_reply','6','1'),('voucher_will_expire','6','1'),('vr_code_will_expire','6','0')
[2017-04-04 11:49:51] /member/index.php?act=member_message&op=setting&inajax=1 ( act=member_message&op=setting ) 
ERR: Db Error: You have an error in your SQL syntax; check the manual that corresponds to your MySQL server version for the right syntax to use near '(mmt_code,member_id,is_receive) VALUES ('order_payment_success','6','1'),('order' at line 1
INSERT INTO  (mmt_code,member_id,is_receive) VALUES ('order_payment_success','6','1'),('order_deliver_success','6','1'),('order_book_end_pay','6','1'),('predeposit_change','6','1'),('recharge_card_balance_change','6','0'),('voucher_use','6','1'),('rpt_use','6','1'),('refund_return_notice','6','1'),('arrival_notice','6','1'),('consult_goods_reply','6','1'),('consult_mall_reply','6','1'),('voucher_will_expire','6','1'),('vr_code_will_expire','6','0')
[2017-04-04 11:49:52] /member/index.php?act=member_message&op=setting&inajax=1 ( act=member_message&op=setting ) 
ERR: Db Error: You have an error in your SQL syntax; check the manual that corresponds to your MySQL server version for the right syntax to use near '(mmt_code,member_id,is_receive) VALUES ('order_payment_success','6','1'),('order' at line 1
INSERT INTO  (mmt_code,member_id,is_receive) VALUES ('order_payment_success','6','1'),('order_deliver_success','6','1'),('order_book_end_pay','6','1'),('predeposit_change','6','1'),('recharge_card_balance_change','6','0'),('voucher_use','6','1'),('rpt_use','6','1'),('refund_return_notice','6','1'),('arrival_notice','6','1'),('consult_goods_reply','6','1'),('consult_mall_reply','6','1'),('voucher_will_expire','6','1'),('vr_code_will_expire','6','0')
[2017-04-04 11:49:53] /member/index.php?act=member_message&op=setting&inajax=1 ( act=member_message&op=setting ) 
ERR: Db Error: You have an error in your SQL syntax; check the manual that corresponds to your MySQL server version for the right syntax to use near '(mmt_code,member_id,is_receive) VALUES ('order_payment_success','6','1'),('order' at line 1
INSERT INTO  (mmt_code,member_id,is_receive) VALUES ('order_payment_success','6','1'),('order_deliver_success','6','1'),('order_book_end_pay','6','1'),('predeposit_change','6','1'),('recharge_card_balance_change','6','0'),('voucher_use','6','1'),('rpt_use','6','1'),('refund_return_notice','6','1'),('arrival_notice','6','1'),('consult_goods_reply','6','1'),('consult_mall_reply','6','1'),('voucher_will_expire','6','1'),('vr_code_will_expire','6','0')
[2017-04-04 11:50:04] /member/index.php?act=member_message&op=setting&inajax=1 ( act=member_message&op=setting ) 
ERR: Db Error: You have an error in your SQL syntax; check the manual that corresponds to your MySQL server version for the right syntax to use near '(mmt_code,member_id,is_receive) VALUES ('order_payment_success','6','1'),('order' at line 1
INSERT INTO  (mmt_code,member_id,is_receive) VALUES ('order_payment_success','6','1'),('order_deliver_success','6','1'),('order_book_end_pay','6','1'),('predeposit_change','6','1'),('recharge_card_balance_change','6','0'),('voucher_use','6','1'),('rpt_use','6','1'),('refund_return_notice','6','1'),('arrival_notice','6','1'),('consult_goods_reply','6','1'),('consult_mall_reply','6','1'),('voucher_will_expire','6','1'),('vr_code_will_expire','6','0')
[2017-04-04 11:50:05] /member/index.php?act=member_message&op=setting&inajax=1 ( act=member_message&op=setting ) 
ERR: Db Error: You have an error in your SQL syntax; check the manual that corresponds to your MySQL server version for the right syntax to use near '(mmt_code,member_id,is_receive) VALUES ('order_payment_success','6','1'),('order' at line 1
INSERT INTO  (mmt_code,member_id,is_receive) VALUES ('order_payment_success','6','1'),('order_deliver_success','6','1'),('order_book_end_pay','6','1'),('predeposit_change','6','1'),('recharge_card_balance_change','6','0'),('voucher_use','6','1'),('rpt_use','6','1'),('refund_return_notice','6','1'),('arrival_notice','6','1'),('consult_goods_reply','6','1'),('consult_mall_reply','6','1'),('voucher_will_expire','6','1'),('vr_code_will_expire','6','0')
[2017-04-04 11:50:05] /member/index.php?act=member_message&op=setting&inajax=1 ( act=member_message&op=setting ) 
ERR: Db Error: You have an error in your SQL syntax; check the manual that corresponds to your MySQL server version for the right syntax to use near '(mmt_code,member_id,is_receive) VALUES ('order_payment_success','6','1'),('order' at line 1
INSERT INTO  (mmt_code,member_id,is_receive) VALUES ('order_payment_success','6','1'),('order_deliver_success','6','1'),('order_book_end_pay','6','1'),('predeposit_change','6','1'),('recharge_card_balance_change','6','0'),('voucher_use','6','1'),('rpt_use','6','1'),('refund_return_notice','6','1'),('arrival_notice','6','1'),('consult_goods_reply','6','1'),('consult_mall_reply','6','1'),('voucher_will_expire','6','1'),('vr_code_will_expire','6','0')
[2017-04-04 11:50:06] /member/index.php?act=member_message&op=setting&inajax=1 ( act=member_message&op=setting ) 
ERR: Db Error: You have an error in your SQL syntax; check the manual that corresponds to your MySQL server version for the right syntax to use near '(mmt_code,member_id,is_receive) VALUES ('order_payment_success','6','1'),('order' at line 1
INSERT INTO  (mmt_code,member_id,is_receive) VALUES ('order_payment_success','6','1'),('order_deliver_success','6','1'),('order_book_end_pay','6','1'),('predeposit_change','6','1'),('recharge_card_balance_change','6','0'),('voucher_use','6','1'),('rpt_use','6','1'),('refund_return_notice','6','1'),('arrival_notice','6','1'),('consult_goods_reply','6','1'),('consult_mall_reply','6','1'),('voucher_will_expire','6','1'),('vr_code_will_expire','6','0')
[2017-04-04 11:50:06] /member/index.php?act=member_message&op=setting&inajax=1 ( act=member_message&op=setting ) 
ERR: Db Error: You have an error in your SQL syntax; check the manual that corresponds to your MySQL server version for the right syntax to use near '(mmt_code,member_id,is_receive) VALUES ('order_payment_success','6','1'),('order' at line 1
INSERT INTO  (mmt_code,member_id,is_receive) VALUES ('order_payment_success','6','1'),('order_deliver_success','6','1'),('order_book_end_pay','6','1'),('predeposit_change','6','1'),('recharge_card_balance_change','6','0'),('voucher_use','6','1'),('rpt_use','6','1'),('refund_return_notice','6','1'),('arrival_notice','6','1'),('consult_goods_reply','6','1'),('consult_mall_reply','6','1'),('voucher_will_expire','6','1'),('vr_code_will_expire','6','0')
[2017-04-04 11:50:06] /member/index.php?act=member_message&op=setting&inajax=1 ( act=member_message&op=setting ) 
ERR: Db Error: You have an error in your SQL syntax; check the manual that corresponds to your MySQL server version for the right syntax to use near '(mmt_code,member_id,is_receive) VALUES ('order_payment_success','6','1'),('order' at line 1
INSERT INTO  (mmt_code,member_id,is_receive) VALUES ('order_payment_success','6','1'),('order_deliver_success','6','1'),('order_book_end_pay','6','1'),('predeposit_change','6','1'),('recharge_card_balance_change','6','0'),('voucher_use','6','1'),('rpt_use','6','1'),('refund_return_notice','6','1'),('arrival_notice','6','1'),('consult_goods_reply','6','1'),('consult_mall_reply','6','1'),('voucher_will_expire','6','1'),('vr_code_will_expire','6','0')
[2017-04-04 11:52:14] /member/index.php?act=member_message&op=setting&inajax=1 ( act=member_message&op=setting ) 
ERR: Db Error: You have an error in your SQL syntax; check the manual that corresponds to your MySQL server version for the right syntax to use near '(mmt_code,member_id,is_receive) VALUES ('order_payment_success','6','1'),('order' at line 1
INSERT INTO  (mmt_code,member_id,is_receive) VALUES ('order_payment_success','6','1'),('order_deliver_success','6','1'),('order_book_end_pay','6','1'),('predeposit_change','6','1'),('recharge_card_balance_change','6','0'),('voucher_use','6','1'),('rpt_use','6','1'),('refund_return_notice','6','1'),('arrival_notice','6','1'),('consult_goods_reply','6','1'),('consult_mall_reply','6','1'),('voucher_will_expire','6','1'),('vr_code_will_expire','6','0')
[2017-04-04 11:53:00] /member/index.php?act=member_message&op=setting&inajax=1 ( act=member_message&op=setting ) 
ERR: Db Error: You have an error in your SQL syntax; check the manual that corresponds to your MySQL server version for the right syntax to use near '(mmt_code,member_id,is_receive) VALUES ('order_payment_success','6','1'),('order' at line 1
INSERT INTO  (mmt_code,member_id,is_receive) VALUES ('order_payment_success','6','1'),('order_deliver_success','6','1'),('order_book_end_pay','6','1'),('predeposit_change','6','1'),('recharge_card_balance_change','6','0'),('voucher_use','6','1'),('rpt_use','6','1'),('refund_return_notice','6','1'),('arrival_notice','6','1'),('consult_goods_reply','6','1'),('consult_mall_reply','6','1'),('voucher_will_expire','6','1'),('vr_code_will_expire','6','0')
[2017-04-04 11:53:22] /member/index.php?act=member_message&op=setting&inajax=1 ( act=member_message&op=setting ) 
ERR: Db Error: You have an error in your SQL syntax; check the manual that corresponds to your MySQL server version for the right syntax to use near '(mmt_code,member_id,is_receive) VALUES ('order_payment_success','6','1'),('order' at line 1
INSERT INTO  (mmt_code,member_id,is_receive) VALUES ('order_payment_success','6','1'),('order_deliver_success','6','1'),('order_book_end_pay','6','1'),('predeposit_change','6','1'),('recharge_card_balance_change','6','0'),('voucher_use','6','1'),('rpt_use','6','1'),('refund_return_notice','6','1'),('arrival_notice','6','1'),('consult_goods_reply','6','1'),('consult_mall_reply','6','1'),('voucher_will_expire','6','1'),('vr_code_will_expire','6','0')
[2017-04-04 11:57:25] /member/index.php?act=member_message&op=setting&inajax=1 ( act=member_message&op=setting ) 
ERR: Db Error: You have an error in your SQL syntax; check the manual that corresponds to your MySQL server version for the right syntax to use near '(mmt_code,member_id,is_receive) VALUES ('order_payment_success','6','1'),('order' at line 1
INSERT INTO  (mmt_code,member_id,is_receive) VALUES ('order_payment_success','6','1'),('order_deliver_success','6','1'),('order_book_end_pay','6','1'),('predeposit_change','6','1'),('recharge_card_balance_change','6','0'),('voucher_use','6','1'),('rpt_use','6','1'),('refund_return_notice','6','1'),('arrival_notice','6','1'),('consult_goods_reply','6','1'),('consult_mall_reply','6','1'),('voucher_will_expire','6','1'),('vr_code_will_expire','6','0')
[2017-04-04 11:57:27] /member/index.php?act=member_message&op=setting&inajax=1 ( act=member_message&op=setting ) 
ERR: Db Error: You have an error in your SQL syntax; check the manual that corresponds to your MySQL server version for the right syntax to use near '(mmt_code,member_id,is_receive) VALUES ('order_payment_success','6','1'),('order' at line 1
INSERT INTO  (mmt_code,member_id,is_receive) VALUES ('order_payment_success','6','1'),('order_deliver_success','6','1'),('order_book_end_pay','6','1'),('predeposit_change','6','1'),('recharge_card_balance_change','6','0'),('voucher_use','6','1'),('rpt_use','6','1'),('refund_return_notice','6','1'),('arrival_notice','6','1'),('consult_goods_reply','6','1'),('consult_mall_reply','6','1'),('voucher_will_expire','6','1'),('vr_code_will_expire','6','0')
[2017-04-04 11:58:14] /member/index.php?act=member_message&op=setting&inajax=1 ( act=member_message&op=setting ) 
ERR: Db Error: You have an error in your SQL syntax; check the manual that corresponds to your MySQL server version for the right syntax to use near '(mmt_code,member_id,is_receive) VALUES ('order_payment_success','6','1'),('order' at line 1
INSERT INTO  (mmt_code,member_id,is_receive) VALUES ('order_payment_success','6','1'),('order_deliver_success','6','1'),('order_book_end_pay','6','1'),('predeposit_change','6','1'),('recharge_card_balance_change','6','0'),('voucher_use','6','1'),('rpt_use','6','1'),('refund_return_notice','6','1'),('arrival_notice','6','1'),('consult_goods_reply','6','1'),('consult_mall_reply','6','1'),('voucher_will_expire','6','1'),('vr_code_will_expire','6','0')
[2017-04-04 11:58:28] /member/index.php?act=member_message&op=setting&inajax=1 ( act=member_message&op=setting ) 
ERR: Db Error: You have an error in your SQL syntax; check the manual that corresponds to your MySQL server version for the right syntax to use near '(mmt_code,member_id,is_receive) VALUES ('order_payment_success','6','1'),('order' at line 1
INSERT INTO  (mmt_code,member_id,is_receive) VALUES ('order_payment_success','6','1'),('order_deliver_success','6','1'),('order_book_end_pay','6','1'),('predeposit_change','6','1'),('recharge_card_balance_change','6','0'),('voucher_use','6','1'),('rpt_use','6','1'),('refund_return_notice','6','1'),('arrival_notice','6','1'),('consult_goods_reply','6','1'),('consult_mall_reply','6','1'),('voucher_will_expire','6','1'),('vr_code_will_expire','6','1')
[2017-04-04 11:59:58] /member/index.php?act=member_message&op=setting&inajax=1 ( act=member_message&op=setting ) 
ERR: Db Error: You have an error in your SQL syntax; check the manual that corresponds to your MySQL server version for the right syntax to use near '(mmt_code,member_id,is_receive) VALUES ('order_payment_success','6','1'),('order' at line 1
INSERT INTO  (mmt_code,member_id,is_receive) VALUES ('order_payment_success','6','1'),('order_deliver_success','6','1'),('order_book_end_pay','6','1'),('predeposit_change','6','1'),('recharge_card_balance_change','6','0'),('voucher_use','6','1'),('rpt_use','6','1'),('refund_return_notice','6','1'),('arrival_notice','6','1'),('consult_goods_reply','6','1'),('consult_mall_reply','6','1'),('voucher_will_expire','6','1'),('vr_code_will_expire','6','0')
[2017-04-04 12:00:00] /member/index.php?act=member_message&op=setting&inajax=1 ( act=member_message&op=setting ) 
ERR: Db Error: You have an error in your SQL syntax; check the manual that corresponds to your MySQL server version for the right syntax to use near '(mmt_code,member_id,is_receive) VALUES ('order_payment_success','6','1'),('order' at line 1
INSERT INTO  (mmt_code,member_id,is_receive) VALUES ('order_payment_success','6','1'),('order_deliver_success','6','1'),('order_book_end_pay','6','1'),('predeposit_change','6','1'),('recharge_card_balance_change','6','0'),('voucher_use','6','1'),('rpt_use','6','1'),('refund_return_notice','6','1'),('arrival_notice','6','1'),('consult_goods_reply','6','1'),('consult_mall_reply','6','1'),('voucher_will_expire','6','1'),('vr_code_will_expire','6','0')
[2017-04-04 12:07:46] /member/index.php?act=member_message&op=setting&inajax=1 ( act=member_message&op=setting ) 
ERR: Db Error: You have an error in your SQL syntax; check the manual that corresponds to your MySQL server version for the right syntax to use near '(mmt_code,member_id,is_receive) VALUES ('order_payment_success','6','1'),('order' at line 1
INSERT INTO  (mmt_code,member_id,is_receive) VALUES ('order_payment_success','6','1'),('order_deliver_success','6','1'),('order_book_end_pay','6','1'),('predeposit_change','6','1'),('recharge_card_balance_change','6','0'),('voucher_use','6','1'),('rpt_use','6','1'),('refund_return_notice','6','1'),('arrival_notice','6','1'),('consult_goods_reply','6','1'),('consult_mall_reply','6','1'),('voucher_will_expire','6','1'),('vr_code_will_expire','6','0')
[2017-04-04 12:07:50] /member/index.php?act=member_message&op=setting&inajax=1 ( act=member_message&op=setting ) 
ERR: Db Error: You have an error in your SQL syntax; check the manual that corresponds to your MySQL server version for the right syntax to use near '(mmt_code,member_id,is_receive) VALUES ('order_payment_success','6','1'),('order' at line 1
INSERT INTO  (mmt_code,member_id,is_receive) VALUES ('order_payment_success','6','1'),('order_deliver_success','6','1'),('order_book_end_pay','6','1'),('predeposit_change','6','1'),('recharge_card_balance_change','6','0'),('voucher_use','6','1'),('rpt_use','6','1'),('refund_return_notice','6','1'),('arrival_notice','6','1'),('consult_goods_reply','6','1'),('consult_mall_reply','6','1'),('voucher_will_expire','6','1'),('vr_code_will_expire','6','0')
[2017-04-04 12:09:51] /member/index.php?act=member_message&op=setting&inajax=1 ( act=member_message&op=setting ) 
ERR: Db Error: You have an error in your SQL syntax; check the manual that corresponds to your MySQL server version for the right syntax to use near '(mmt_code,member_id,is_receive) VALUES ('order_payment_success','6','1'),('order' at line 1
INSERT INTO  (mmt_code,member_id,is_receive) VALUES ('order_payment_success','6','1'),('order_deliver_success','6','1'),('order_book_end_pay','6','1'),('predeposit_change','6','1'),('recharge_card_balance_change','6','0'),('voucher_use','6','1'),('rpt_use','6','1'),('refund_return_notice','6','1'),('arrival_notice','6','1'),('consult_goods_reply','6','1'),('consult_mall_reply','6','1'),('voucher_will_expire','6','1'),('vr_code_will_expire','6','0')
[2017-04-04 12:10:19] /member/index.php?act=member_message&op=setting&inajax=1 ( act=member_message&op=setting ) 
ERR: Db Error: You have an error in your SQL syntax; check the manual that corresponds to your MySQL server version for the right syntax to use near '(mmt_code,member_id,is_receive) VALUES ('order_payment_success','6','1'),('order' at line 1
INSERT INTO  (mmt_code,member_id,is_receive) VALUES ('order_payment_success','6','1'),('order_deliver_success','6','1'),('order_book_end_pay','6','1'),('predeposit_change','6','1'),('recharge_card_balance_change','6','0'),('voucher_use','6','1'),('rpt_use','6','1'),('refund_return_notice','6','1'),('arrival_notice','6','1'),('consult_goods_reply','6','1'),('consult_mall_reply','6','1'),('voucher_will_expire','6','1'),('vr_code_will_expire','6','0')
[2017-04-04 12:10:43] /member/index.php?act=member_message&op=setting&inajax=1 ( act=member_message&op=setting ) 
ERR: Db Error: You have an error in your SQL syntax; check the manual that corresponds to your MySQL server version for the right syntax to use near '(mmt_code,member_id,is_receive) VALUES ('order_payment_success','6','1'),('order' at line 1
INSERT INTO  (mmt_code,member_id,is_receive) VALUES ('order_payment_success','6','1'),('order_deliver_success','6','1'),('order_book_end_pay','6','1'),('predeposit_change','6','1'),('recharge_card_balance_change','6','0'),('voucher_use','6','1'),('rpt_use','6','1'),('refund_return_notice','6','1'),('arrival_notice','6','1'),('consult_goods_reply','6','1'),('consult_mall_reply','6','1'),('voucher_will_expire','6','1'),('vr_code_will_expire','6','0')
[2017-04-04 12:10:44] /member/index.php?act=member_message&op=setting&inajax=1 ( act=member_message&op=setting ) 
ERR: Db Error: You have an error in your SQL syntax; check the manual that corresponds to your MySQL server version for the right syntax to use near '(mmt_code,member_id,is_receive) VALUES ('order_payment_success','6','1'),('order' at line 1
INSERT INTO  (mmt_code,member_id,is_receive) VALUES ('order_payment_success','6','1'),('order_deliver_success','6','1'),('order_book_end_pay','6','1'),('predeposit_change','6','1'),('recharge_card_balance_change','6','0'),('voucher_use','6','1'),('rpt_use','6','1'),('refund_return_notice','6','1'),('arrival_notice','6','1'),('consult_goods_reply','6','1'),('consult_mall_reply','6','1'),('voucher_will_expire','6','1'),('vr_code_will_expire','6','0')
[2017-04-04 12:10:45] /member/index.php?act=member_message&op=setting&inajax=1 ( act=member_message&op=setting ) 
ERR: Db Error: You have an error in your SQL syntax; check the manual that corresponds to your MySQL server version for the right syntax to use near '(mmt_code,member_id,is_receive) VALUES ('order_payment_success','6','1'),('order' at line 1
INSERT INTO  (mmt_code,member_id,is_receive) VALUES ('order_payment_success','6','1'),('order_deliver_success','6','1'),('order_book_end_pay','6','1'),('predeposit_change','6','1'),('recharge_card_balance_change','6','0'),('voucher_use','6','1'),('rpt_use','6','1'),('refund_return_notice','6','1'),('arrival_notice','6','1'),('consult_goods_reply','6','1'),('consult_mall_reply','6','1'),('voucher_will_expire','6','1'),('vr_code_will_expire','6','0')
[2017-04-04 12:10:46] /member/index.php?act=member_message&op=setting&inajax=1 ( act=member_message&op=setting ) 
ERR: Db Error: You have an error in your SQL syntax; check the manual that corresponds to your MySQL server version for the right syntax to use near '(mmt_code,member_id,is_receive) VALUES ('order_payment_success','6','1'),('order' at line 1
INSERT INTO  (mmt_code,member_id,is_receive) VALUES ('order_payment_success','6','1'),('order_deliver_success','6','1'),('order_book_end_pay','6','1'),('predeposit_change','6','1'),('recharge_card_balance_change','6','0'),('voucher_use','6','1'),('rpt_use','6','1'),('refund_return_notice','6','1'),('arrival_notice','6','1'),('consult_goods_reply','6','1'),('consult_mall_reply','6','1'),('voucher_will_expire','6','1'),('vr_code_will_expire','6','0')
[2017-04-04 12:10:48] /member/index.php?act=member_message&op=setting&inajax=1 ( act=member_message&op=setting ) 
ERR: Db Error: You have an error in your SQL syntax; check the manual that corresponds to your MySQL server version for the right syntax to use near '(mmt_code,member_id,is_receive) VALUES ('order_payment_success','6','1'),('order' at line 1
INSERT INTO  (mmt_code,member_id,is_receive) VALUES ('order_payment_success','6','1'),('order_deliver_success','6','1'),('order_book_end_pay','6','1'),('predeposit_change','6','1'),('recharge_card_balance_change','6','0'),('voucher_use','6','1'),('rpt_use','6','1'),('refund_return_notice','6','1'),('arrival_notice','6','1'),('consult_goods_reply','6','1'),('consult_mall_reply','6','1'),('voucher_will_expire','6','1'),('vr_code_will_expire','6','0')
[2017-04-04 12:10:55] /member/index.php?act=member_message&op=setting&inajax=1 ( act=member_message&op=setting ) 
ERR: Db Error: You have an error in your SQL syntax; check the manual that corresponds to your MySQL server version for the right syntax to use near '(mmt_code,member_id,is_receive) VALUES ('order_payment_success','6','1'),('order' at line 1
INSERT INTO  (mmt_code,member_id,is_receive) VALUES ('order_payment_success','6','1'),('order_deliver_success','6','1'),('order_book_end_pay','6','1'),('predeposit_change','6','1'),('recharge_card_balance_change','6','0'),('voucher_use','6','1'),('rpt_use','6','1'),('refund_return_notice','6','1'),('arrival_notice','6','1'),('consult_goods_reply','6','1'),('consult_mall_reply','6','1'),('voucher_will_expire','6','1'),('vr_code_will_expire','6','0')
[2017-04-04 12:10:56] /member/index.php?act=member_message&op=setting&inajax=1 ( act=member_message&op=setting ) 
ERR: Db Error: You have an error in your SQL syntax; check the manual that corresponds to your MySQL server version for the right syntax to use near '(mmt_code,member_id,is_receive) VALUES ('order_payment_success','6','1'),('order' at line 1
INSERT INTO  (mmt_code,member_id,is_receive) VALUES ('order_payment_success','6','1'),('order_deliver_success','6','1'),('order_book_end_pay','6','1'),('predeposit_change','6','1'),('recharge_card_balance_change','6','0'),('voucher_use','6','1'),('rpt_use','6','1'),('refund_return_notice','6','1'),('arrival_notice','6','1'),('consult_goods_reply','6','1'),('consult_mall_reply','6','1'),('voucher_will_expire','6','1'),('vr_code_will_expire','6','0')
[2017-04-04 12:10:57] /member/index.php?act=member_message&op=setting&inajax=1 ( act=member_message&op=setting ) 
ERR: Db Error: You have an error in your SQL syntax; check the manual that corresponds to your MySQL server version for the right syntax to use near '(mmt_code,member_id,is_receive) VALUES ('order_payment_success','6','1'),('order' at line 1
INSERT INTO  (mmt_code,member_id,is_receive) VALUES ('order_payment_success','6','1'),('order_deliver_success','6','1'),('order_book_end_pay','6','1'),('predeposit_change','6','1'),('recharge_card_balance_change','6','0'),('voucher_use','6','1'),('rpt_use','6','1'),('refund_return_notice','6','1'),('arrival_notice','6','1'),('consult_goods_reply','6','1'),('consult_mall_reply','6','1'),('voucher_will_expire','6','1'),('vr_code_will_expire','6','0')
[2017-04-04 12:10:58] /member/index.php?act=member_message&op=setting&inajax=1 ( act=member_message&op=setting ) 
ERR: Db Error: You have an error in your SQL syntax; check the manual that corresponds to your MySQL server version for the right syntax to use near '(mmt_code,member_id,is_receive) VALUES ('order_payment_success','6','1'),('order' at line 1
INSERT INTO  (mmt_code,member_id,is_receive) VALUES ('order_payment_success','6','1'),('order_deliver_success','6','1'),('order_book_end_pay','6','1'),('predeposit_change','6','1'),('recharge_card_balance_change','6','0'),('voucher_use','6','1'),('rpt_use','6','1'),('refund_return_notice','6','1'),('arrival_notice','6','1'),('consult_goods_reply','6','1'),('consult_mall_reply','6','1'),('voucher_will_expire','6','1'),('vr_code_will_expire','6','0')
[2017-04-04 12:10:58] /member/index.php?act=member_message&op=setting&inajax=1 ( act=member_message&op=setting ) 
ERR: Db Error: You have an error in your SQL syntax; check the manual that corresponds to your MySQL server version for the right syntax to use near '(mmt_code,member_id,is_receive) VALUES ('order_payment_success','6','1'),('order' at line 1
INSERT INTO  (mmt_code,member_id,is_receive) VALUES ('order_payment_success','6','1'),('order_deliver_success','6','1'),('order_book_end_pay','6','1'),('predeposit_change','6','1'),('recharge_card_balance_change','6','0'),('voucher_use','6','1'),('rpt_use','6','1'),('refund_return_notice','6','1'),('arrival_notice','6','1'),('consult_goods_reply','6','1'),('consult_mall_reply','6','1'),('voucher_will_expire','6','1'),('vr_code_will_expire','6','0')
[2017-04-04 12:10:58] /member/index.php?act=member_message&op=setting&inajax=1 ( act=member_message&op=setting ) 
ERR: Db Error: You have an error in your SQL syntax; check the manual that corresponds to your MySQL server version for the right syntax to use near '(mmt_code,member_id,is_receive) VALUES ('order_payment_success','6','1'),('order' at line 1
INSERT INTO  (mmt_code,member_id,is_receive) VALUES ('order_payment_success','6','1'),('order_deliver_success','6','1'),('order_book_end_pay','6','1'),('predeposit_change','6','1'),('recharge_card_balance_change','6','0'),('voucher_use','6','1'),('rpt_use','6','1'),('refund_return_notice','6','1'),('arrival_notice','6','1'),('consult_goods_reply','6','1'),('consult_mall_reply','6','1'),('voucher_will_expire','6','1'),('vr_code_will_expire','6','0')
[2017-04-04 12:10:58] /member/index.php?act=member_message&op=setting&inajax=1 ( act=member_message&op=setting ) 
ERR: Db Error: You have an error in your SQL syntax; check the manual that corresponds to your MySQL server version for the right syntax to use near '(mmt_code,member_id,is_receive) VALUES ('order_payment_success','6','1'),('order' at line 1
INSERT INTO  (mmt_code,member_id,is_receive) VALUES ('order_payment_success','6','1'),('order_deliver_success','6','1'),('order_book_end_pay','6','1'),('predeposit_change','6','1'),('recharge_card_balance_change','6','0'),('voucher_use','6','1'),('rpt_use','6','1'),('refund_return_notice','6','1'),('arrival_notice','6','1'),('consult_goods_reply','6','1'),('consult_mall_reply','6','1'),('voucher_will_expire','6','1'),('vr_code_will_expire','6','0')
[2017-04-04 12:10:59] /member/index.php?act=member_message&op=setting&inajax=1 ( act=member_message&op=setting ) 
ERR: Db Error: You have an error in your SQL syntax; check the manual that corresponds to your MySQL server version for the right syntax to use near '(mmt_code,member_id,is_receive) VALUES ('order_payment_success','6','1'),('order' at line 1
INSERT INTO  (mmt_code,member_id,is_receive) VALUES ('order_payment_success','6','1'),('order_deliver_success','6','1'),('order_book_end_pay','6','1'),('predeposit_change','6','1'),('recharge_card_balance_change','6','0'),('voucher_use','6','1'),('rpt_use','6','1'),('refund_return_notice','6','1'),('arrival_notice','6','1'),('consult_goods_reply','6','1'),('consult_mall_reply','6','1'),('voucher_will_expire','6','1'),('vr_code_will_expire','6','0')
[2017-04-04 12:10:59] /member/index.php?act=member_message&op=setting&inajax=1 ( act=member_message&op=setting ) 
ERR: Db Error: You have an error in your SQL syntax; check the manual that corresponds to your MySQL server version for the right syntax to use near '(mmt_code,member_id,is_receive) VALUES ('order_payment_success','6','1'),('order' at line 1
INSERT INTO  (mmt_code,member_id,is_receive) VALUES ('order_payment_success','6','1'),('order_deliver_success','6','1'),('order_book_end_pay','6','1'),('predeposit_change','6','1'),('recharge_card_balance_change','6','0'),('voucher_use','6','1'),('rpt_use','6','1'),('refund_return_notice','6','1'),('arrival_notice','6','1'),('consult_goods_reply','6','1'),('consult_mall_reply','6','1'),('voucher_will_expire','6','1'),('vr_code_will_expire','6','0')
[2017-04-04 12:10:59] /member/index.php?act=member_message&op=setting&inajax=1 ( act=member_message&op=setting ) 
ERR: Db Error: You have an error in your SQL syntax; check the manual that corresponds to your MySQL server version for the right syntax to use near '(mmt_code,member_id,is_receive) VALUES ('order_payment_success','6','1'),('order' at line 1
INSERT INTO  (mmt_code,member_id,is_receive) VALUES ('order_payment_success','6','1'),('order_deliver_success','6','1'),('order_book_end_pay','6','1'),('predeposit_change','6','1'),('recharge_card_balance_change','6','0'),('voucher_use','6','1'),('rpt_use','6','1'),('refund_return_notice','6','1'),('arrival_notice','6','1'),('consult_goods_reply','6','1'),('consult_mall_reply','6','1'),('voucher_will_expire','6','1'),('vr_code_will_expire','6','0')
[2017-04-04 12:10:59] /member/index.php?act=member_message&op=setting&inajax=1 ( act=member_message&op=setting ) 
ERR: Db Error: You have an error in your SQL syntax; check the manual that corresponds to your MySQL server version for the right syntax to use near '(mmt_code,member_id,is_receive) VALUES ('order_payment_success','6','1'),('order' at line 1
INSERT INTO  (mmt_code,member_id,is_receive) VALUES ('order_payment_success','6','1'),('order_deliver_success','6','1'),('order_book_end_pay','6','1'),('predeposit_change','6','1'),('recharge_card_balance_change','6','0'),('voucher_use','6','1'),('rpt_use','6','1'),('refund_return_notice','6','1'),('arrival_notice','6','1'),('consult_goods_reply','6','1'),('consult_mall_reply','6','1'),('voucher_will_expire','6','1'),('vr_code_will_expire','6','0')
[2017-04-04 12:11:02] /member/index.php?act=member_message&op=setting&inajax=1 ( act=member_message&op=setting ) 
ERR: Db Error: You have an error in your SQL syntax; check the manual that corresponds to your MySQL server version for the right syntax to use near '(mmt_code,member_id,is_receive) VALUES ('order_payment_success','6','1'),('order' at line 1
INSERT INTO  (mmt_code,member_id,is_receive) VALUES ('order_payment_success','6','1'),('order_deliver_success','6','1'),('order_book_end_pay','6','1'),('predeposit_change','6','1'),('recharge_card_balance_change','6','0'),('voucher_use','6','1'),('rpt_use','6','1'),('refund_return_notice','6','1'),('arrival_notice','6','1'),('consult_goods_reply','6','1'),('consult_mall_reply','6','1'),('voucher_will_expire','6','1'),('vr_code_will_expire','6','0')
[2017-04-04 12:11:05] /member/index.php?act=member_message&op=setting&inajax=1 ( act=member_message&op=setting ) 
ERR: Db Error: You have an error in your SQL syntax; check the manual that corresponds to your MySQL server version for the right syntax to use near '(mmt_code,member_id,is_receive) VALUES ('order_payment_success','6','1'),('order' at line 1
INSERT INTO  (mmt_code,member_id,is_receive) VALUES ('order_payment_success','6','1'),('order_deliver_success','6','1'),('order_book_end_pay','6','1'),('predeposit_change','6','1'),('recharge_card_balance_change','6','0'),('voucher_use','6','1'),('rpt_use','6','1'),('refund_return_notice','6','1'),('arrival_notice','6','1'),('consult_goods_reply','6','1'),('consult_mall_reply','6','1'),('voucher_will_expire','6','1'),('vr_code_will_expire','6','0')
[2017-04-04 12:11:17] /member/index.php?act=member_message&op=setting&inajax=1 ( act=member_message&op=setting ) 
ERR: Db Error: You have an error in your SQL syntax; check the manual that corresponds to your MySQL server version for the right syntax to use near '(mmt_code,member_id,is_receive) VALUES ('order_payment_success','6','1'),('order' at line 1
INSERT INTO  (mmt_code,member_id,is_receive) VALUES ('order_payment_success','6','1'),('order_deliver_success','6','1'),('order_book_end_pay','6','1'),('predeposit_change','6','1'),('recharge_card_balance_change','6','0'),('voucher_use','6','1'),('rpt_use','6','1'),('refund_return_notice','6','1'),('arrival_notice','6','1'),('consult_goods_reply','6','1'),('consult_mall_reply','6','1'),('voucher_will_expire','6','1'),('vr_code_will_expire','6','0')
[2017-04-04 12:11:18] /member/index.php?act=member_message&op=setting&inajax=1 ( act=member_message&op=setting ) 
ERR: Db Error: You have an error in your SQL syntax; check the manual that corresponds to your MySQL server version for the right syntax to use near '(mmt_code,member_id,is_receive) VALUES ('order_payment_success','6','1'),('order' at line 1
INSERT INTO  (mmt_code,member_id,is_receive) VALUES ('order_payment_success','6','1'),('order_deliver_success','6','1'),('order_book_end_pay','6','1'),('predeposit_change','6','1'),('recharge_card_balance_change','6','0'),('voucher_use','6','1'),('rpt_use','6','1'),('refund_return_notice','6','1'),('arrival_notice','6','1'),('consult_goods_reply','6','1'),('consult_mall_reply','6','1'),('voucher_will_expire','6','1'),('vr_code_will_expire','6','0')
[2017-04-04 12:11:19] /member/index.php?act=member_message&op=setting&inajax=1 ( act=member_message&op=setting ) 
ERR: Db Error: You have an error in your SQL syntax; check the manual that corresponds to your MySQL server version for the right syntax to use near '(mmt_code,member_id,is_receive) VALUES ('order_payment_success','6','1'),('order' at line 1
INSERT INTO  (mmt_code,member_id,is_receive) VALUES ('order_payment_success','6','1'),('order_deliver_success','6','1'),('order_book_end_pay','6','1'),('predeposit_change','6','1'),('recharge_card_balance_change','6','0'),('voucher_use','6','1'),('rpt_use','6','1'),('refund_return_notice','6','1'),('arrival_notice','6','1'),('consult_goods_reply','6','1'),('consult_mall_reply','6','1'),('voucher_will_expire','6','1'),('vr_code_will_expire','6','0')
[2017-04-04 12:11:20] /member/index.php?act=member_message&op=setting&inajax=1 ( act=member_message&op=setting ) 
ERR: Db Error: You have an error in your SQL syntax; check the manual that corresponds to your MySQL server version for the right syntax to use near '(mmt_code,member_id,is_receive) VALUES ('order_payment_success','6','1'),('order' at line 1
INSERT INTO  (mmt_code,member_id,is_receive) VALUES ('order_payment_success','6','1'),('order_deliver_success','6','1'),('order_book_end_pay','6','1'),('predeposit_change','6','1'),('recharge_card_balance_change','6','0'),('voucher_use','6','1'),('rpt_use','6','1'),('refund_return_notice','6','1'),('arrival_notice','6','1'),('consult_goods_reply','6','1'),('consult_mall_reply','6','1'),('voucher_will_expire','6','1'),('vr_code_will_expire','6','0')
[2017-04-04 12:11:20] /member/index.php?act=member_message&op=setting&inajax=1 ( act=member_message&op=setting ) 
ERR: Db Error: You have an error in your SQL syntax; check the manual that corresponds to your MySQL server version for the right syntax to use near '(mmt_code,member_id,is_receive) VALUES ('order_payment_success','6','1'),('order' at line 1
INSERT INTO  (mmt_code,member_id,is_receive) VALUES ('order_payment_success','6','1'),('order_deliver_success','6','1'),('order_book_end_pay','6','1'),('predeposit_change','6','1'),('recharge_card_balance_change','6','0'),('voucher_use','6','1'),('rpt_use','6','1'),('refund_return_notice','6','1'),('arrival_notice','6','1'),('consult_goods_reply','6','1'),('consult_mall_reply','6','1'),('voucher_will_expire','6','1'),('vr_code_will_expire','6','0')
[2017-04-04 12:11:21] /member/index.php?act=member_message&op=setting&inajax=1 ( act=member_message&op=setting ) 
ERR: Db Error: You have an error in your SQL syntax; check the manual that corresponds to your MySQL server version for the right syntax to use near '(mmt_code,member_id,is_receive) VALUES ('order_payment_success','6','1'),('order' at line 1
INSERT INTO  (mmt_code,member_id,is_receive) VALUES ('order_payment_success','6','1'),('order_deliver_success','6','1'),('order_book_end_pay','6','1'),('predeposit_change','6','1'),('recharge_card_balance_change','6','0'),('voucher_use','6','1'),('rpt_use','6','1'),('refund_return_notice','6','1'),('arrival_notice','6','1'),('consult_goods_reply','6','1'),('consult_mall_reply','6','1'),('voucher_will_expire','6','1'),('vr_code_will_expire','6','0')
[2017-04-04 12:11:22] /member/index.php?act=member_message&op=setting&inajax=1 ( act=member_message&op=setting ) 
ERR: Db Error: You have an error in your SQL syntax; check the manual that corresponds to your MySQL server version for the right syntax to use near '(mmt_code,member_id,is_receive) VALUES ('order_payment_success','6','1'),('order' at line 1
INSERT INTO  (mmt_code,member_id,is_receive) VALUES ('order_payment_success','6','1'),('order_deliver_success','6','1'),('order_book_end_pay','6','1'),('predeposit_change','6','1'),('recharge_card_balance_change','6','0'),('voucher_use','6','1'),('rpt_use','6','1'),('refund_return_notice','6','1'),('arrival_notice','6','1'),('consult_goods_reply','6','1'),('consult_mall_reply','6','1'),('voucher_will_expire','6','1'),('vr_code_will_expire','6','0')
[2017-04-04 12:11:23] /member/index.php?act=member_message&op=setting&inajax=1 ( act=member_message&op=setting ) 
ERR: Db Error: You have an error in your SQL syntax; check the manual that corresponds to your MySQL server version for the right syntax to use near '(mmt_code,member_id,is_receive) VALUES ('order_payment_success','6','1'),('order' at line 1
INSERT INTO  (mmt_code,member_id,is_receive) VALUES ('order_payment_success','6','1'),('order_deliver_success','6','1'),('order_book_end_pay','6','1'),('predeposit_change','6','1'),('recharge_card_balance_change','6','0'),('voucher_use','6','1'),('rpt_use','6','1'),('refund_return_notice','6','1'),('arrival_notice','6','1'),('consult_goods_reply','6','1'),('consult_mall_reply','6','1'),('voucher_will_expire','6','1'),('vr_code_will_expire','6','0')
[2017-04-04 12:11:23] /member/index.php?act=member_message&op=setting&inajax=1 ( act=member_message&op=setting ) 
ERR: Db Error: You have an error in your SQL syntax; check the manual that corresponds to your MySQL server version for the right syntax to use near '(mmt_code,member_id,is_receive) VALUES ('order_payment_success','6','1'),('order' at line 1
INSERT INTO  (mmt_code,member_id,is_receive) VALUES ('order_payment_success','6','1'),('order_deliver_success','6','1'),('order_book_end_pay','6','1'),('predeposit_change','6','1'),('recharge_card_balance_change','6','0'),('voucher_use','6','1'),('rpt_use','6','1'),('refund_return_notice','6','1'),('arrival_notice','6','1'),('consult_goods_reply','6','1'),('consult_mall_reply','6','1'),('voucher_will_expire','6','1'),('vr_code_will_expire','6','0')
[2017-04-04 12:11:24] /member/index.php?act=member_message&op=setting&inajax=1 ( act=member_message&op=setting ) 
ERR: Db Error: You have an error in your SQL syntax; check the manual that corresponds to your MySQL server version for the right syntax to use near '(mmt_code,member_id,is_receive) VALUES ('order_payment_success','6','1'),('order' at line 1
INSERT INTO  (mmt_code,member_id,is_receive) VALUES ('order_payment_success','6','1'),('order_deliver_success','6','1'),('order_book_end_pay','6','1'),('predeposit_change','6','1'),('recharge_card_balance_change','6','0'),('voucher_use','6','1'),('rpt_use','6','1'),('refund_return_notice','6','1'),('arrival_notice','6','1'),('consult_goods_reply','6','1'),('consult_mall_reply','6','1'),('voucher_will_expire','6','1'),('vr_code_will_expire','6','0')
[2017-04-04 12:11:25] /member/index.php?act=member_message&op=setting&inajax=1 ( act=member_message&op=setting ) 
ERR: Db Error: You have an error in your SQL syntax; check the manual that corresponds to your MySQL server version for the right syntax to use near '(mmt_code,member_id,is_receive) VALUES ('order_payment_success','6','1'),('order' at line 1
INSERT INTO  (mmt_code,member_id,is_receive) VALUES ('order_payment_success','6','1'),('order_deliver_success','6','1'),('order_book_end_pay','6','1'),('predeposit_change','6','1'),('recharge_card_balance_change','6','0'),('voucher_use','6','1'),('rpt_use','6','1'),('refund_return_notice','6','1'),('arrival_notice','6','1'),('consult_goods_reply','6','1'),('consult_mall_reply','6','1'),('voucher_will_expire','6','1'),('vr_code_will_expire','6','0')
[2017-04-04 12:11:26] /member/index.php?act=member_message&op=setting&inajax=1 ( act=member_message&op=setting ) 
ERR: Db Error: You have an error in your SQL syntax; check the manual that corresponds to your MySQL server version for the right syntax to use near '(mmt_code,member_id,is_receive) VALUES ('order_payment_success','6','1'),('order' at line 1
INSERT INTO  (mmt_code,member_id,is_receive) VALUES ('order_payment_success','6','1'),('order_deliver_success','6','1'),('order_book_end_pay','6','1'),('predeposit_change','6','1'),('recharge_card_balance_change','6','0'),('voucher_use','6','1'),('rpt_use','6','1'),('refund_return_notice','6','1'),('arrival_notice','6','1'),('consult_goods_reply','6','1'),('consult_mall_reply','6','1'),('voucher_will_expire','6','1'),('vr_code_will_expire','6','0')
[2017-04-04 12:11:26] /member/index.php?act=member_message&op=setting&inajax=1 ( act=member_message&op=setting ) 
ERR: Db Error: You have an error in your SQL syntax; check the manual that corresponds to your MySQL server version for the right syntax to use near '(mmt_code,member_id,is_receive) VALUES ('order_payment_success','6','1'),('order' at line 1
INSERT INTO  (mmt_code,member_id,is_receive) VALUES ('order_payment_success','6','1'),('order_deliver_success','6','1'),('order_book_end_pay','6','1'),('predeposit_change','6','1'),('recharge_card_balance_change','6','0'),('voucher_use','6','1'),('rpt_use','6','1'),('refund_return_notice','6','1'),('arrival_notice','6','1'),('consult_goods_reply','6','1'),('consult_mall_reply','6','1'),('voucher_will_expire','6','1'),('vr_code_will_expire','6','0')
[2017-04-04 12:11:30] /member/index.php?act=member_message&op=setting&inajax=1 ( act=member_message&op=setting ) 
ERR: Db Error: You have an error in your SQL syntax; check the manual that corresponds to your MySQL server version for the right syntax to use near '(mmt_code,member_id,is_receive) VALUES ('order_payment_success','6','1'),('order' at line 1
INSERT INTO  (mmt_code,member_id,is_receive) VALUES ('order_payment_success','6','1'),('order_deliver_success','6','1'),('order_book_end_pay','6','1'),('predeposit_change','6','1'),('recharge_card_balance_change','6','0'),('voucher_use','6','1'),('rpt_use','6','1'),('refund_return_notice','6','1'),('arrival_notice','6','1'),('consult_goods_reply','6','1'),('consult_mall_reply','6','1'),('voucher_will_expire','6','1'),('vr_code_will_expire','6','0')
[2017-04-04 12:13:21] /member/index.php?act=member_message&op=setting&inajax=1 ( act=member_message&op=setting ) 
ERR: Db Error: You have an error in your SQL syntax; check the manual that corresponds to your MySQL server version for the right syntax to use near '(mmt_code,member_id,is_receive) VALUES ('order_payment_success','6','1'),('order' at line 1
INSERT INTO  (mmt_code,member_id,is_receive) VALUES ('order_payment_success','6','1'),('order_deliver_success','6','1'),('order_book_end_pay','6','1'),('predeposit_change','6','1'),('recharge_card_balance_change','6','0'),('voucher_use','6','1'),('rpt_use','6','1'),('refund_return_notice','6','1'),('arrival_notice','6','1'),('consult_goods_reply','6','1'),('consult_mall_reply','6','1'),('voucher_will_expire','6','1'),('vr_code_will_expire','6','0')
[2017-04-04 12:17:14] /member/index.php?act=member_message&op=setting&inajax=1 ( act=member_message&op=setting ) 
ERR: Db Error: You have an error in your SQL syntax; check the manual that corresponds to your MySQL server version for the right syntax to use near '(mmt_code,member_id,is_receive) VALUES ('order_payment_success','6','1'),('order' at line 1
INSERT INTO  (mmt_code,member_id,is_receive) VALUES ('order_payment_success','6','1'),('order_deliver_success','6','1'),('order_book_end_pay','6','1'),('predeposit_change','6','1'),('recharge_card_balance_change','6','0'),('voucher_use','6','1'),('rpt_use','6','1'),('refund_return_notice','6','1'),('arrival_notice','6','1'),('consult_goods_reply','6','1'),('consult_mall_reply','6','1'),('voucher_will_expire','6','1'),('vr_code_will_expire','6','0')
[2017-04-04 12:17:17] /member/index.php?act=member_message&op=setting&inajax=1 ( act=member_message&op=setting ) 
ERR: Db Error: You have an error in your SQL syntax; check the manual that corresponds to your MySQL server version for the right syntax to use near '(mmt_code,member_id,is_receive) VALUES ('order_payment_success','6','1'),('order' at line 1
INSERT INTO  (mmt_code,member_id,is_receive) VALUES ('order_payment_success','6','1'),('order_deliver_success','6','1'),('order_book_end_pay','6','1'),('predeposit_change','6','1'),('recharge_card_balance_change','6','0'),('voucher_use','6','1'),('rpt_use','6','1'),('refund_return_notice','6','1'),('arrival_notice','6','1'),('consult_goods_reply','6','1'),('consult_mall_reply','6','1'),('voucher_will_expire','6','1'),('vr_code_will_expire','6','0')
[2017-04-04 12:18:09] /member/index.php?act=member_message&op=setting&inajax=1 ( act=member_message&op=setting ) 
ERR: Db Error: You have an error in your SQL syntax; check the manual that corresponds to your MySQL server version for the right syntax to use near '(mmt_code,member_id,is_receive) VALUES ('order_payment_success','6','1'),('order' at line 1
INSERT INTO  (mmt_code,member_id,is_receive) VALUES ('order_payment_success','6','1'),('order_deliver_success','6','1'),('order_book_end_pay','6','1'),('predeposit_change','6','1'),('recharge_card_balance_change','6','0'),('voucher_use','6','1'),('rpt_use','6','1'),('refund_return_notice','6','1'),('arrival_notice','6','1'),('consult_goods_reply','6','1'),('consult_mall_reply','6','1'),('voucher_will_expire','6','1'),('vr_code_will_expire','6','0')
[2017-04-04 12:18:11] /member/index.php?act=member_message&op=setting&inajax=1 ( act=member_message&op=setting ) 
ERR: Db Error: You have an error in your SQL syntax; check the manual that corresponds to your MySQL server version for the right syntax to use near '(mmt_code,member_id,is_receive) VALUES ('order_payment_success','6','1'),('order' at line 1
INSERT INTO  (mmt_code,member_id,is_receive) VALUES ('order_payment_success','6','1'),('order_deliver_success','6','1'),('order_book_end_pay','6','1'),('predeposit_change','6','1'),('recharge_card_balance_change','6','0'),('voucher_use','6','1'),('rpt_use','6','1'),('refund_return_notice','6','1'),('arrival_notice','6','1'),('consult_goods_reply','6','1'),('consult_mall_reply','6','1'),('voucher_will_expire','6','1'),('vr_code_will_expire','6','0')
[2017-04-04 12:18:13] /member/index.php?act=member_message&op=setting&inajax=1 ( act=member_message&op=setting ) 
ERR: Db Error: You have an error in your SQL syntax; check the manual that corresponds to your MySQL server version for the right syntax to use near '(mmt_code,member_id,is_receive) VALUES ('order_payment_success','6','1'),('order' at line 1
INSERT INTO  (mmt_code,member_id,is_receive) VALUES ('order_payment_success','6','1'),('order_deliver_success','6','1'),('order_book_end_pay','6','1'),('predeposit_change','6','1'),('recharge_card_balance_change','6','0'),('voucher_use','6','1'),('rpt_use','6','1'),('refund_return_notice','6','1'),('arrival_notice','6','1'),('consult_goods_reply','6','1'),('consult_mall_reply','6','1'),('voucher_will_expire','6','1'),('vr_code_will_expire','6','0')
[2017-04-04 12:18:13] /member/index.php?act=member_message&op=setting&inajax=1 ( act=member_message&op=setting ) 
ERR: Db Error: You have an error in your SQL syntax; check the manual that corresponds to your MySQL server version for the right syntax to use near '(mmt_code,member_id,is_receive) VALUES ('order_payment_success','6','1'),('order' at line 1
INSERT INTO  (mmt_code,member_id,is_receive) VALUES ('order_payment_success','6','1'),('order_deliver_success','6','1'),('order_book_end_pay','6','1'),('predeposit_change','6','1'),('recharge_card_balance_change','6','0'),('voucher_use','6','1'),('rpt_use','6','1'),('refund_return_notice','6','1'),('arrival_notice','6','1'),('consult_goods_reply','6','1'),('consult_mall_reply','6','1'),('voucher_will_expire','6','1'),('vr_code_will_expire','6','0')
[2017-04-04 12:18:13] /member/index.php?act=member_message&op=setting&inajax=1 ( act=member_message&op=setting ) 
ERR: Db Error: You have an error in your SQL syntax; check the manual that corresponds to your MySQL server version for the right syntax to use near '(mmt_code,member_id,is_receive) VALUES ('order_payment_success','6','1'),('order' at line 1
INSERT INTO  (mmt_code,member_id,is_receive) VALUES ('order_payment_success','6','1'),('order_deliver_success','6','1'),('order_book_end_pay','6','1'),('predeposit_change','6','1'),('recharge_card_balance_change','6','0'),('voucher_use','6','1'),('rpt_use','6','1'),('refund_return_notice','6','1'),('arrival_notice','6','1'),('consult_goods_reply','6','1'),('consult_mall_reply','6','1'),('voucher_will_expire','6','1'),('vr_code_will_expire','6','0')
[2017-04-04 12:18:13] /member/index.php?act=member_message&op=setting&inajax=1 ( act=member_message&op=setting ) 
ERR: Db Error: You have an error in your SQL syntax; check the manual that corresponds to your MySQL server version for the right syntax to use near '(mmt_code,member_id,is_receive) VALUES ('order_payment_success','6','1'),('order' at line 1
INSERT INTO  (mmt_code,member_id,is_receive) VALUES ('order_payment_success','6','1'),('order_deliver_success','6','1'),('order_book_end_pay','6','1'),('predeposit_change','6','1'),('recharge_card_balance_change','6','0'),('voucher_use','6','1'),('rpt_use','6','1'),('refund_return_notice','6','1'),('arrival_notice','6','1'),('consult_goods_reply','6','1'),('consult_mall_reply','6','1'),('voucher_will_expire','6','1'),('vr_code_will_expire','6','0')
[2017-04-04 12:18:20] /member/index.php?act=member_message&op=setting&inajax=1 ( act=member_message&op=setting ) 
ERR: Db Error: You have an error in your SQL syntax; check the manual that corresponds to your MySQL server version for the right syntax to use near '(mmt_code,member_id,is_receive) VALUES ('order_payment_success','6','1'),('order' at line 1
INSERT INTO  (mmt_code,member_id,is_receive) VALUES ('order_payment_success','6','1'),('order_deliver_success','6','1'),('order_book_end_pay','6','1'),('predeposit_change','6','1'),('recharge_card_balance_change','6','0'),('voucher_use','6','1'),('rpt_use','6','1'),('refund_return_notice','6','1'),('arrival_notice','6','1'),('consult_goods_reply','6','1'),('consult_mall_reply','6','1'),('voucher_will_expire','6','1'),('vr_code_will_expire','6','0')
[2017-04-04 12:18:42] /member/index.php?act=member_message&op=setting&inajax=1 ( act=member_message&op=setting ) 
ERR: Db Error: You have an error in your SQL syntax; check the manual that corresponds to your MySQL server version for the right syntax to use near '(mmt_code,member_id,is_receive) VALUES ('order_payment_success','6','1'),('order' at line 1
INSERT INTO  (mmt_code,member_id,is_receive) VALUES ('order_payment_success','6','1'),('order_deliver_success','6','1'),('order_book_end_pay','6','1'),('predeposit_change','6','1'),('recharge_card_balance_change','6','0'),('voucher_use','6','1'),('rpt_use','6','1'),('refund_return_notice','6','1'),('arrival_notice','6','1'),('consult_goods_reply','6','1'),('consult_mall_reply','6','1'),('voucher_will_expire','6','1'),('vr_code_will_expire','6','0')
